android/app/build/intermediates/manifest_merge_blame_file/debug/manifest-merger-blame-debug-report.txt
1<?xml version="1.0" encoding="utf-8"?>
2<manifest xmlns:android="http://schemas.android.com/apk/res/android"
3    package="com.MoonValley"
4    android:versionCode="1"
5    android:versionName="1.0" >
6
7    <uses-sdk
8        android:minSdkVersion="21"
9        android:targetSdkVersion="31" />
10
11    <uses-permission android:name="android.permission.SYSTEM_ALERT_WINDOW" />
11-->src/main/AndroidManifest.xml:11:5-77
11-->src/main/AndroidManifest.xml:11:22-75
12    <uses-permission android:name="android.permission.INTERNET" />
12-->src/main/AndroidManifest.xml:4:5-67
12-->src/main/AndroidManifest.xml:4:22-64
13    <uses-permission android:name="android.permission.WRITE_EXTERNAL_STORAGE" />
13-->src/main/AndroidManifest.xml:5:6-81
13-->src/main/AndroidManifest.xml:5:23-79
14    <uses-permission android:name="android.permission.ACCESS_FINE_LOCATION" /> <!-- Define ACCESS_COARSE_LOCATION if you will use enableHighAccuracy=false -->
14-->src/main/AndroidManifest.xml:6:5-78
14-->src/main/AndroidManifest.xml:6:22-76
15    <uses-permission android:name="android.permission.ACCESS_COARSE_LOCATION" />
15-->src/main/AndroidManifest.xml:9:1-76
15-->src/main/AndroidManifest.xml:9:18-74
16    <uses-permission android:name="android.permission.RECEIVE_BOOT_COMPLETED" />
16-->src/main/AndroidManifest.xml:12:5-81
16-->src/main/AndroidManifest.xml:12:22-78
17    <uses-permission android:name="android.permission.VIBRATE" />
17-->src/main/AndroidManifest.xml:13:5-66
17-->src/main/AndroidManifest.xml:13:22-63
18    <uses-permission android:name="android.permission.BLUETOOTH" />
18-->src/main/AndroidManifest.xml:14:4-67
18-->src/main/AndroidManifest.xml:14:21-64
19    <uses-permission android:name="android.permission.BLUETOOTH_ADMIN" />
19-->src/main/AndroidManifest.xml:15:3-72
19-->src/main/AndroidManifest.xml:15:20-69
20    <uses-permission android:name="android.permission.INSTALL_GRANT_RUNTIME_PERMISSIONS" />
20-->src/main/AndroidManifest.xml:16:5-91
20-->src/main/AndroidManifest.xml:16:22-89
21    <uses-permission android:name="android.permission.WAKE_LOCK" />
21-->src/main/AndroidManifest.xml:17:5-68
21-->src/main/AndroidManifest.xml:17:22-65
22    <uses-permission android:name="android.permission.ACCESS_WIFI_STATE" />
22-->[com.facebook.flipper:flipper:0.131.1] AndroidManifest.xml:16:5-76
22-->[com.facebook.flipper:flipper:0.131.1] AndroidManifest.xml:16:22-73
23    <uses-permission android:name="android.permission.ACCESS_NETWORK_STATE" />
23-->[:react-native-community_netinfo] AndroidManifest.xml:9:5-79
23-->[:react-native-community_netinfo] AndroidManifest.xml:9:22-76
24
25    <application
25-->src/main/AndroidManifest.xml:19:5-41:19
26        android:name="com.MoonValley.MainApplication"
26-->src/main/AndroidManifest.xml:20:7-38
27        android:allowBackup="false"
27-->src/main/AndroidManifest.xml:25:7-34
28        android:appComponentFactory="androidx.core.app.CoreComponentFactory"
28-->[androidx.core:core:1.5.0] AndroidManifest.xml:24:18-86
29        android:debuggable="true"
30        android:icon="@mipmap/ic_launcher"
30-->src/main/AndroidManifest.xml:23:7-41
31        android:label="@string/app_name"
31-->src/main/AndroidManifest.xml:21:7-39
32        android:roundIcon="@mipmap/ic_launcher_round"
32-->src/main/AndroidManifest.xml:24:7-52
33        android:screenOrientation="landscape"
33-->src/main/AndroidManifest.xml:22:8-45
34        android:theme="@style/AppTheme"
34-->src/main/AndroidManifest.xml:26:7-38
35        android:usesCleartextTraffic="true" >
35-->src/debug/AndroidManifest.xml:8:9-44
36        <activity android:name="com.facebook.react.devsupport.DevSettingsActivity" />
36-->src/main/AndroidManifest.xml:40:1-77
36-->src/main/AndroidManifest.xml:40:11-75
37        <activity
37-->src/main/AndroidManifest.xml:27:7-39:18
38            android:name="com.MoonValley.MainActivity"
38-->src/main/AndroidManifest.xml:28:9-37
39            android:configChanges="keyboard|keyboardHidden|orientation|screenSize|uiMode"
39-->src/main/AndroidManifest.xml:30:9-86
40            android:exported="true"
40-->src/main/AndroidManifest.xml:33:9-34
41            android:label="@string/app_name"
41-->src/main/AndroidManifest.xml:29:9-41
42            android:launchMode="singleTask"
42-->src/main/AndroidManifest.xml:31:9-40
43            android:screenOrientation="landscape"
43-->src/main/AndroidManifest.xml:32:9-46
44            android:windowSoftInputMode="adjustResize" >
44-->src/main/AndroidManifest.xml:34:9-51
45            <intent-filter>
45-->src/main/AndroidManifest.xml:35:9-38:25
46                <action android:name="android.intent.action.MAIN" />
46-->src/main/AndroidManifest.xml:36:13-65
46-->src/main/AndroidManifest.xml:36:21-62
47
48                <category android:name="android.intent.category.LAUNCHER" />
48-->src/main/AndroidManifest.xml:37:13-73
48-->src/main/AndroidManifest.xml:37:23-70
49            </intent-filter>
50        </activity>
51
52        <provider
52-->[:react-native-image-picker] AndroidManifest.xml:10:9-18:20
53            android:name="com.imagepicker.ImagePickerProvider"
53-->[:react-native-image-picker] AndroidManifest.xml:11:13-63
54            android:authorities="com.MoonValley.imagepickerprovider"
54-->[:react-native-image-picker] AndroidManifest.xml:12:13-71
55            android:exported="false"
55-->[:react-native-image-picker] AndroidManifest.xml:13:13-37
56            android:grantUriPermissions="true" >
56-->[:react-native-image-picker] AndroidManifest.xml:14:13-47
57            <meta-data
57-->[:react-native-image-picker] AndroidManifest.xml:15:13-17:70
58                android:name="android.support.FILE_PROVIDER_PATHS"
58-->[:react-native-image-picker] AndroidManifest.xml:16:17-67
59                android:resource="@xml/imagepicker_provider_paths" />
59-->[:react-native-image-picker] AndroidManifest.xml:17:17-67
60        </provider>
61        <provider
61-->[:react-native-share] AndroidManifest.xml:10:9-18:20
62            android:name="cl.json.RNShareFileProvider"
62-->[:react-native-share] AndroidManifest.xml:11:13-55
63            android:authorities="com.MoonValley.rnshare.fileprovider"
63-->[:react-native-share] AndroidManifest.xml:12:13-72
64            android:exported="false"
64-->[:react-native-share] AndroidManifest.xml:13:13-37
65            android:grantUriPermissions="true" >
65-->[:react-native-share] AndroidManifest.xml:14:13-47
66            <meta-data
66-->[:react-native-image-picker] AndroidManifest.xml:15:13-17:70
67                android:name="android.support.FILE_PROVIDER_PATHS"
67-->[:react-native-image-picker] AndroidManifest.xml:16:17-67
68                android:resource="@xml/share_download_paths" />
68-->[:react-native-image-picker] AndroidManifest.xml:17:17-67
69        </provider>
70        <provider
70-->[:react-native-webview] AndroidManifest.xml:10:9-18:20
71            android:name="com.reactnativecommunity.webview.RNCWebViewFileProvider"
71-->[:react-native-webview] AndroidManifest.xml:11:13-83
72            android:authorities="com.MoonValley.fileprovider"
72-->[:react-native-webview] AndroidManifest.xml:12:13-64
73            android:exported="false"
73-->[:react-native-webview] AndroidManifest.xml:13:13-37
74            android:grantUriPermissions="true" >
74-->[:react-native-webview] AndroidManifest.xml:14:13-47
75            <meta-data
75-->[:react-native-image-picker] AndroidManifest.xml:15:13-17:70
76                android:name="android.support.FILE_PROVIDER_PATHS"
76-->[:react-native-image-picker] AndroidManifest.xml:16:17-67
77                android:resource="@xml/file_provider_paths" />
77-->[:react-native-image-picker] AndroidManifest.xml:17:17-67
78        </provider>
79
80        <meta-data
80-->[com.github.bumptech.glide:okhttp3-integration:4.12.0] AndroidManifest.xml:11:9-13:43
81            android:name="com.bumptech.glide.integration.okhttp3.OkHttpGlideModule"
81-->[com.github.bumptech.glide:okhttp3-integration:4.12.0] AndroidManifest.xml:12:13-84
82            android:value="GlideModule" />
82-->[com.github.bumptech.glide:okhttp3-integration:4.12.0] AndroidManifest.xml:13:13-40
83    </application>
84
85</manifest>